mode: count
github.com/sarastee/chat-server/internal/api/chat/create.go:10.119,12.16 2 0
github.com/sarastee/chat-server/internal/api/chat/create.go:12.16,14.3 1 0
github.com/sarastee/chat-server/internal/api/chat/create.go:16.2,16.56 1 0
github.com/sarastee/chat-server/internal/api/chat/delete.go:11.110,13.16 2 0
github.com/sarastee/chat-server/internal/api/chat/delete.go:13.16,15.3 1 0
github.com/sarastee/chat-server/internal/api/chat/delete.go:17.2,17.30 1 0
github.com/sarastee/chat-server/internal/api/chat/send_message.go:18.120,20.16 2 0
github.com/sarastee/chat-server/internal/api/chat/send_message.go:20.16,21.10 1 0
github.com/sarastee/chat-server/internal/api/chat/send_message.go:22.97,23.57 1 0
github.com/sarastee/chat-server/internal/api/chat/send_message.go:24.55,25.64 1 0
github.com/sarastee/chat-server/internal/api/chat/send_message.go:26.11,27.27 1 0
github.com/sarastee/chat-server/internal/api/chat/send_message.go:31.2,31.30 1 0
github.com/sarastee/chat-server/internal/api/chat/service.go:21.73,25.2 1 0
github.com/sarastee/chat-server/internal/service/chat/create.go:9.79,12.72 2 0
github.com/sarastee/chat-server/internal/service/chat/create.go:12.72,15.19 3 0
github.com/sarastee/chat-server/internal/service/chat/create.go:15.19,17.4 1 0
github.com/sarastee/chat-server/internal/service/chat/create.go:19.3,20.19 2 0
github.com/sarastee/chat-server/internal/service/chat/create.go:20.19,22.4 1 0
github.com/sarastee/chat-server/internal/service/chat/create.go:24.3,25.19 2 0
github.com/sarastee/chat-server/internal/service/chat/create.go:25.19,27.4 1 0
github.com/sarastee/chat-server/internal/service/chat/create.go:29.3,29.13 1 0
github.com/sarastee/chat-server/internal/service/chat/create.go:31.2,31.16 1 0
github.com/sarastee/chat-server/internal/service/chat/create.go:31.16,33.3 1 0
github.com/sarastee/chat-server/internal/service/chat/create.go:35.2,35.20 1 0
github.com/sarastee/chat-server/internal/service/chat/delete.go:9.67,10.55 1 0
github.com/sarastee/chat-server/internal/service/chat/delete.go:10.55,12.3 1 0
github.com/sarastee/chat-server/internal/service/chat/delete.go:14.2,14.12 1 0
github.com/sarastee/chat-server/internal/service/chat/send_message.go:12.81,14.16 2 0
github.com/sarastee/chat-server/internal/service/chat/send_message.go:14.16,16.3 1 0
github.com/sarastee/chat-server/internal/service/chat/send_message.go:18.2,18.17 1 0
github.com/sarastee/chat-server/internal/service/chat/send_message.go:18.17,20.3 1 0
github.com/sarastee/chat-server/internal/service/chat/send_message.go:22.2,22.59 1 0
github.com/sarastee/chat-server/internal/service/chat/send_message.go:22.59,24.3 1 0
github.com/sarastee/chat-server/internal/service/chat/send_message.go:26.2,26.12 1 0
github.com/sarastee/chat-server/internal/service/chat/service.go:22.12,29.2 1 0
github.com/sarastee/chat-server/internal/service/mocks/ChatService.go:18.80,21.19 2 0
github.com/sarastee/chat-server/internal/service/mocks/ChatService.go:21.19,22.48 1 0
github.com/sarastee/chat-server/internal/service/mocks/ChatService.go:25.2,27.78 3 0
github.com/sarastee/chat-server/internal/service/mocks/ChatService.go:27.78,29.3 1 0
github.com/sarastee/chat-server/internal/service/mocks/ChatService.go:30.2,30.69 1 0
github.com/sarastee/chat-server/internal/service/mocks/ChatService.go:30.69,32.3 1 0
github.com/sarastee/chat-server/internal/service/mocks/ChatService.go:32.8,34.3 1 0
github.com/sarastee/chat-server/internal/service/mocks/ChatService.go:36.2,36.69 1 0
github.com/sarastee/chat-server/internal/service/mocks/ChatService.go:36.69,38.3 1 0
github.com/sarastee/chat-server/internal/service/mocks/ChatService.go:38.8,40.3 1 0
github.com/sarastee/chat-server/internal/service/mocks/ChatService.go:42.2,42.15 1 0
github.com/sarastee/chat-server/internal/service/mocks/ChatService.go:46.69,49.19 2 0
github.com/sarastee/chat-server/internal/service/mocks/ChatService.go:49.19,50.48 1 0
github.com/sarastee/chat-server/internal/service/mocks/ChatService.go:53.2,54.67 2 0
github.com/sarastee/chat-server/internal/service/mocks/ChatService.go:54.67,56.3 1 0
github.com/sarastee/chat-server/internal/service/mocks/ChatService.go:56.8,58.3 1 0
github.com/sarastee/chat-server/internal/service/mocks/ChatService.go:60.2,60.11 1 0
github.com/sarastee/chat-server/internal/service/mocks/ChatService.go:64.82,67.19 2 0
github.com/sarastee/chat-server/internal/service/mocks/ChatService.go:67.19,68.53 1 0
github.com/sarastee/chat-server/internal/service/mocks/ChatService.go:71.2,72.75 2 0
github.com/sarastee/chat-server/internal/service/mocks/ChatService.go:72.75,74.3 1 0
github.com/sarastee/chat-server/internal/service/mocks/ChatService.go:74.8,76.3 1 0
github.com/sarastee/chat-server/internal/service/mocks/ChatService.go:78.2,78.11 1 0
github.com/sarastee/chat-server/internal/service/mocks/ChatService.go:86.17,90.19 3 0
github.com/sarastee/chat-server/internal/service/mocks/ChatService.go:90.19,90.49 1 0
github.com/sarastee/chat-server/internal/service/mocks/ChatService.go:92.2,92.13 1 0
github.com/sarastee/chat-server/internal/service/mocks/TxFaker.go:20.63,23.19 2 0
github.com/sarastee/chat-server/internal/service/mocks/TxFaker.go:23.19,24.47 1 0
github.com/sarastee/chat-server/internal/service/mocks/TxFaker.go:27.2,29.70 3 0
github.com/sarastee/chat-server/internal/service/mocks/TxFaker.go:29.70,31.3 1 0
github.com/sarastee/chat-server/internal/service/mocks/TxFaker.go:32.2,32.61 1 0
github.com/sarastee/chat-server/internal/service/mocks/TxFaker.go:32.61,34.3 1 0
github.com/sarastee/chat-server/internal/service/mocks/TxFaker.go:34.8,35.24 1 0
github.com/sarastee/chat-server/internal/service/mocks/TxFaker.go:35.24,37.4 1 0
github.com/sarastee/chat-server/internal/service/mocks/TxFaker.go:40.2,40.60 1 0
github.com/sarastee/chat-server/internal/service/mocks/TxFaker.go:40.60,42.3 1 0
github.com/sarastee/chat-server/internal/service/mocks/TxFaker.go:42.8,44.3 1 0
github.com/sarastee/chat-server/internal/service/mocks/TxFaker.go:46.2,46.15 1 0
github.com/sarastee/chat-server/internal/service/mocks/TxFaker.go:50.54,53.19 2 0
github.com/sarastee/chat-server/internal/service/mocks/TxFaker.go:53.19,54.48 1 0
github.com/sarastee/chat-server/internal/service/mocks/TxFaker.go:57.2,58.60 2 0
github.com/sarastee/chat-server/internal/service/mocks/TxFaker.go:58.60,60.3 1 0
github.com/sarastee/chat-server/internal/service/mocks/TxFaker.go:60.8,62.3 1 0
github.com/sarastee/chat-server/internal/service/mocks/TxFaker.go:64.2,64.11 1 0
github.com/sarastee/chat-server/internal/service/mocks/TxFaker.go:68.37,71.19 2 0
github.com/sarastee/chat-server/internal/service/mocks/TxFaker.go:71.19,72.46 1 0
github.com/sarastee/chat-server/internal/service/mocks/TxFaker.go:75.2,76.49 2 0
github.com/sarastee/chat-server/internal/service/mocks/TxFaker.go:76.49,78.3 1 0
github.com/sarastee/chat-server/internal/service/mocks/TxFaker.go:78.8,79.24 1 0
github.com/sarastee/chat-server/internal/service/mocks/TxFaker.go:79.24,81.4 1 0
github.com/sarastee/chat-server/internal/service/mocks/TxFaker.go:84.2,84.11 1 0
github.com/sarastee/chat-server/internal/service/mocks/TxFaker.go:88.140,91.19 2 0
github.com/sarastee/chat-server/internal/service/mocks/TxFaker.go:91.19,92.50 1 0
github.com/sarastee/chat-server/internal/service/mocks/TxFaker.go:95.2,97.115 3 0
github.com/sarastee/chat-server/internal/service/mocks/TxFaker.go:97.115,99.3 1 0
github.com/sarastee/chat-server/internal/service/mocks/TxFaker.go:100.2,100.106 1 0
github.com/sarastee/chat-server/internal/service/mocks/TxFaker.go:100.106,102.3 1 0
github.com/sarastee/chat-server/internal/service/mocks/TxFaker.go:102.8,104.3 1 0
github.com/sarastee/chat-server/internal/service/mocks/TxFaker.go:106.2,106.106 1 0
github.com/sarastee/chat-server/internal/service/mocks/TxFaker.go:106.106,108.3 1 0
github.com/sarastee/chat-server/internal/service/mocks/TxFaker.go:108.8,110.3 1 0
github.com/sarastee/chat-server/internal/service/mocks/TxFaker.go:112.2,112.15 1 0
github.com/sarastee/chat-server/internal/service/mocks/TxFaker.go:116.106,122.19 5 0
github.com/sarastee/chat-server/internal/service/mocks/TxFaker.go:122.19,123.46 1 0
github.com/sarastee/chat-server/internal/service/mocks/TxFaker.go:126.2,128.105 3 0
github.com/sarastee/chat-server/internal/service/mocks/TxFaker.go:128.105,130.3 1 0
github.com/sarastee/chat-server/internal/service/mocks/TxFaker.go:131.2,131.96 1 0
github.com/sarastee/chat-server/internal/service/mocks/TxFaker.go:131.96,133.3 1 0
github.com/sarastee/chat-server/internal/service/mocks/TxFaker.go:133.8,135.3 1 0
github.com/sarastee/chat-server/internal/service/mocks/TxFaker.go:137.2,137.84 1 0
github.com/sarastee/chat-server/internal/service/mocks/TxFaker.go:137.84,139.3 1 0
github.com/sarastee/chat-server/internal/service/mocks/TxFaker.go:139.8,141.3 1 0
github.com/sarastee/chat-server/internal/service/mocks/TxFaker.go:143.2,143.15 1 0
github.com/sarastee/chat-server/internal/service/mocks/TxFaker.go:147.52,150.19 2 0
github.com/sarastee/chat-server/internal/service/mocks/TxFaker.go:150.19,151.54 1 0
github.com/sarastee/chat-server/internal/service/mocks/TxFaker.go:154.2,155.56 2 0
github.com/sarastee/chat-server/internal/service/mocks/TxFaker.go:155.56,157.3 1 0
github.com/sarastee/chat-server/internal/service/mocks/TxFaker.go:157.8,159.3 1 0
github.com/sarastee/chat-server/internal/service/mocks/TxFaker.go:161.2,161.11 1 0
github.com/sarastee/chat-server/internal/service/mocks/TxFaker.go:165.112,168.19 2 0
github.com/sarastee/chat-server/internal/service/mocks/TxFaker.go:168.19,169.49 1 0
github.com/sarastee/chat-server/internal/service/mocks/TxFaker.go:172.2,174.108 3 0
github.com/sarastee/chat-server/internal/service/mocks/TxFaker.go:174.108,176.3 1 0
github.com/sarastee/chat-server/internal/service/mocks/TxFaker.go:177.2,177.99 1 0
github.com/sarastee/chat-server/internal/service/mocks/TxFaker.go:177.99,179.3 1 0
github.com/sarastee/chat-server/internal/service/mocks/TxFaker.go:179.8,180.24 1 0
github.com/sarastee/chat-server/internal/service/mocks/TxFaker.go:180.24,182.4 1 0
github.com/sarastee/chat-server/internal/service/mocks/TxFaker.go:185.2,185.76 1 0
github.com/sarastee/chat-server/internal/service/mocks/TxFaker.go:185.76,187.3 1 0
github.com/sarastee/chat-server/internal/service/mocks/TxFaker.go:187.8,189.3 1 0
github.com/sarastee/chat-server/internal/service/mocks/TxFaker.go:191.2,191.15 1 0
github.com/sarastee/chat-server/internal/service/mocks/TxFaker.go:195.98,201.19 5 0
github.com/sarastee/chat-server/internal/service/mocks/TxFaker.go:201.19,202.47 1 0
github.com/sarastee/chat-server/internal/service/mocks/TxFaker.go:205.2,207.96 3 0
github.com/sarastee/chat-server/internal/service/mocks/TxFaker.go:207.96,209.3 1 0
github.com/sarastee/chat-server/internal/service/mocks/TxFaker.go:210.2,210.87 1 0
github.com/sarastee/chat-server/internal/service/mocks/TxFaker.go:210.87,212.3 1 0
github.com/sarastee/chat-server/internal/service/mocks/TxFaker.go:212.8,213.24 1 0
github.com/sarastee/chat-server/internal/service/mocks/TxFaker.go:213.24,215.4 1 0
github.com/sarastee/chat-server/internal/service/mocks/TxFaker.go:218.2,218.84 1 0
github.com/sarastee/chat-server/internal/service/mocks/TxFaker.go:218.84,220.3 1 0
github.com/sarastee/chat-server/internal/service/mocks/TxFaker.go:220.8,222.3 1 0
github.com/sarastee/chat-server/internal/service/mocks/TxFaker.go:224.2,224.15 1 0
github.com/sarastee/chat-server/internal/service/mocks/TxFaker.go:228.91,234.19 5 0
github.com/sarastee/chat-server/internal/service/mocks/TxFaker.go:234.19,235.50 1 0
github.com/sarastee/chat-server/internal/service/mocks/TxFaker.go:238.2,239.86 2 0
github.com/sarastee/chat-server/internal/service/mocks/TxFaker.go:239.86,241.3 1 0
github.com/sarastee/chat-server/internal/service/mocks/TxFaker.go:241.8,242.24 1 0
github.com/sarastee/chat-server/internal/service/mocks/TxFaker.go:242.24,244.4 1 0
github.com/sarastee/chat-server/internal/service/mocks/TxFaker.go:247.2,247.11 1 0
github.com/sarastee/chat-server/internal/service/mocks/TxFaker.go:251.56,254.19 2 0
github.com/sarastee/chat-server/internal/service/mocks/TxFaker.go:254.19,255.50 1 0
github.com/sarastee/chat-server/internal/service/mocks/TxFaker.go:258.2,259.60 2 0
github.com/sarastee/chat-server/internal/service/mocks/TxFaker.go:259.60,261.3 1 0
github.com/sarastee/chat-server/internal/service/mocks/TxFaker.go:261.8,263.3 1 0
github.com/sarastee/chat-server/internal/service/mocks/TxFaker.go:265.2,265.11 1 0
github.com/sarastee/chat-server/internal/service/mocks/TxFaker.go:269.82,272.19 2 0
github.com/sarastee/chat-server/internal/service/mocks/TxFaker.go:272.19,273.51 1 0
github.com/sarastee/chat-server/internal/service/mocks/TxFaker.go:276.2,277.83 2 0
github.com/sarastee/chat-server/internal/service/mocks/TxFaker.go:277.83,279.3 1 0
github.com/sarastee/chat-server/internal/service/mocks/TxFaker.go:279.8,280.24 1 0
github.com/sarastee/chat-server/internal/service/mocks/TxFaker.go:280.24,282.4 1 0
github.com/sarastee/chat-server/internal/service/mocks/TxFaker.go:285.2,285.11 1 0
github.com/sarastee/chat-server/internal/service/mocks/TxFaker.go:293.13,297.19 3 0
github.com/sarastee/chat-server/internal/service/mocks/TxFaker.go:297.19,297.49 1 0
github.com/sarastee/chat-server/internal/service/mocks/TxFaker.go:299.2,299.13 1 0
github.com/sarastee/chat-server/internal/api/chat/create.go:10.119,12.16 2 10
github.com/sarastee/chat-server/internal/api/chat/create.go:12.16,14.3 1 5
github.com/sarastee/chat-server/internal/api/chat/create.go:16.2,16.56 1 5
github.com/sarastee/chat-server/internal/api/chat/delete.go:11.110,13.16 2 10
github.com/sarastee/chat-server/internal/api/chat/delete.go:13.16,15.3 1 5
github.com/sarastee/chat-server/internal/api/chat/delete.go:17.2,17.30 1 5
github.com/sarastee/chat-server/internal/api/chat/send_message.go:18.120,20.16 2 25
github.com/sarastee/chat-server/internal/api/chat/send_message.go:20.16,21.10 1 20
github.com/sarastee/chat-server/internal/api/chat/send_message.go:22.97,23.57 1 10
github.com/sarastee/chat-server/internal/api/chat/send_message.go:24.55,25.64 1 5
github.com/sarastee/chat-server/internal/api/chat/send_message.go:26.11,27.27 1 5
github.com/sarastee/chat-server/internal/api/chat/send_message.go:31.2,31.30 1 5
github.com/sarastee/chat-server/internal/api/chat/service.go:21.73,25.2 1 45
github.com/sarastee/chat-server/internal/api/chat/tests/helpers.go:11.114,18.2 1 10
github.com/sarastee/chat-server/internal/api/chat/tests/helpers.go:20.90,27.2 1 10
github.com/sarastee/chat-server/internal/service/chat/create.go:9.79,12.72 2 0
github.com/sarastee/chat-server/internal/service/chat/create.go:12.72,15.19 3 0
github.com/sarastee/chat-server/internal/service/chat/create.go:15.19,17.4 1 0
github.com/sarastee/chat-server/internal/service/chat/create.go:19.3,20.19 2 0
github.com/sarastee/chat-server/internal/service/chat/create.go:20.19,22.4 1 0
github.com/sarastee/chat-server/internal/service/chat/create.go:24.3,25.19 2 0
github.com/sarastee/chat-server/internal/service/chat/create.go:25.19,27.4 1 0
github.com/sarastee/chat-server/internal/service/chat/create.go:29.3,29.13 1 0
github.com/sarastee/chat-server/internal/service/chat/create.go:31.2,31.16 1 0
github.com/sarastee/chat-server/internal/service/chat/create.go:31.16,33.3 1 0
github.com/sarastee/chat-server/internal/service/chat/create.go:35.2,35.20 1 0
github.com/sarastee/chat-server/internal/service/chat/delete.go:9.67,10.55 1 0
github.com/sarastee/chat-server/internal/service/chat/delete.go:10.55,12.3 1 0
github.com/sarastee/chat-server/internal/service/chat/delete.go:14.2,14.12 1 0
github.com/sarastee/chat-server/internal/service/chat/send_message.go:12.81,14.16 2 0
github.com/sarastee/chat-server/internal/service/chat/send_message.go:14.16,16.3 1 0
github.com/sarastee/chat-server/internal/service/chat/send_message.go:18.2,18.17 1 0
github.com/sarastee/chat-server/internal/service/chat/send_message.go:18.17,20.3 1 0
github.com/sarastee/chat-server/internal/service/chat/send_message.go:22.2,22.59 1 0
github.com/sarastee/chat-server/internal/service/chat/send_message.go:22.59,24.3 1 0
github.com/sarastee/chat-server/internal/service/chat/send_message.go:26.2,26.12 1 0
github.com/sarastee/chat-server/internal/service/chat/service.go:22.12,29.2 1 0
github.com/sarastee/chat-server/internal/service/mocks/ChatService.go:18.80,21.19 2 10
github.com/sarastee/chat-server/internal/service/mocks/ChatService.go:21.19,22.48 1 0
github.com/sarastee/chat-server/internal/service/mocks/ChatService.go:25.2,27.78 3 10
github.com/sarastee/chat-server/internal/service/mocks/ChatService.go:27.78,29.3 1 0
github.com/sarastee/chat-server/internal/service/mocks/ChatService.go:30.2,30.69 1 10
github.com/sarastee/chat-server/internal/service/mocks/ChatService.go:30.69,32.3 1 0
github.com/sarastee/chat-server/internal/service/mocks/ChatService.go:32.8,34.3 1 10
github.com/sarastee/chat-server/internal/service/mocks/ChatService.go:36.2,36.69 1 10
github.com/sarastee/chat-server/internal/service/mocks/ChatService.go:36.69,38.3 1 0
github.com/sarastee/chat-server/internal/service/mocks/ChatService.go:38.8,40.3 1 10
github.com/sarastee/chat-server/internal/service/mocks/ChatService.go:42.2,42.15 1 10
github.com/sarastee/chat-server/internal/service/mocks/ChatService.go:46.69,49.19 2 10
github.com/sarastee/chat-server/internal/service/mocks/ChatService.go:49.19,50.48 1 0
github.com/sarastee/chat-server/internal/service/mocks/ChatService.go:53.2,54.67 2 10
github.com/sarastee/chat-server/internal/service/mocks/ChatService.go:54.67,56.3 1 0
github.com/sarastee/chat-server/internal/service/mocks/ChatService.go:56.8,58.3 1 10
github.com/sarastee/chat-server/internal/service/mocks/ChatService.go:60.2,60.11 1 10
github.com/sarastee/chat-server/internal/service/mocks/ChatService.go:64.82,67.19 2 25
github.com/sarastee/chat-server/internal/service/mocks/ChatService.go:67.19,68.53 1 0
github.com/sarastee/chat-server/internal/service/mocks/ChatService.go:71.2,72.75 2 25
github.com/sarastee/chat-server/internal/service/mocks/ChatService.go:72.75,74.3 1 0
github.com/sarastee/chat-server/internal/service/mocks/ChatService.go:74.8,76.3 1 25
github.com/sarastee/chat-server/internal/service/mocks/ChatService.go:78.2,78.11 1 25
github.com/sarastee/chat-server/internal/service/mocks/ChatService.go:86.17,90.19 3 45
github.com/sarastee/chat-server/internal/service/mocks/ChatService.go:90.19,90.49 1 45
github.com/sarastee/chat-server/internal/service/mocks/ChatService.go:92.2,92.13 1 45
github.com/sarastee/chat-server/internal/service/mocks/TxFaker.go:20.63,23.19 2 0
github.com/sarastee/chat-server/internal/service/mocks/TxFaker.go:23.19,24.47 1 0
github.com/sarastee/chat-server/internal/service/mocks/TxFaker.go:27.2,29.70 3 0
github.com/sarastee/chat-server/internal/service/mocks/TxFaker.go:29.70,31.3 1 0
github.com/sarastee/chat-server/internal/service/mocks/TxFaker.go:32.2,32.61 1 0
github.com/sarastee/chat-server/internal/service/mocks/TxFaker.go:32.61,34.3 1 0
github.com/sarastee/chat-server/internal/service/mocks/TxFaker.go:34.8,35.24 1 0
github.com/sarastee/chat-server/internal/service/mocks/TxFaker.go:35.24,37.4 1 0
github.com/sarastee/chat-server/internal/service/mocks/TxFaker.go:40.2,40.60 1 0
github.com/sarastee/chat-server/internal/service/mocks/TxFaker.go:40.60,42.3 1 0
github.com/sarastee/chat-server/internal/service/mocks/TxFaker.go:42.8,44.3 1 0
github.com/sarastee/chat-server/internal/service/mocks/TxFaker.go:46.2,46.15 1 0
github.com/sarastee/chat-server/internal/service/mocks/TxFaker.go:50.54,53.19 2 0
github.com/sarastee/chat-server/internal/service/mocks/TxFaker.go:53.19,54.48 1 0
github.com/sarastee/chat-server/internal/service/mocks/TxFaker.go:57.2,58.60 2 0
github.com/sarastee/chat-server/internal/service/mocks/TxFaker.go:58.60,60.3 1 0
github.com/sarastee/chat-server/internal/service/mocks/TxFaker.go:60.8,62.3 1 0
github.com/sarastee/chat-server/internal/service/mocks/TxFaker.go:64.2,64.11 1 0
github.com/sarastee/chat-server/internal/service/mocks/TxFaker.go:68.37,71.19 2 0
github.com/sarastee/chat-server/internal/service/mocks/TxFaker.go:71.19,72.46 1 0
github.com/sarastee/chat-server/internal/service/mocks/TxFaker.go:75.2,76.49 2 0
github.com/sarastee/chat-server/internal/service/mocks/TxFaker.go:76.49,78.3 1 0
github.com/sarastee/chat-server/internal/service/mocks/TxFaker.go:78.8,79.24 1 0
github.com/sarastee/chat-server/internal/service/mocks/TxFaker.go:79.24,81.4 1 0
github.com/sarastee/chat-server/internal/service/mocks/TxFaker.go:84.2,84.11 1 0
github.com/sarastee/chat-server/internal/service/mocks/TxFaker.go:88.140,91.19 2 0
github.com/sarastee/chat-server/internal/service/mocks/TxFaker.go:91.19,92.50 1 0
github.com/sarastee/chat-server/internal/service/mocks/TxFaker.go:95.2,97.115 3 0
github.com/sarastee/chat-server/internal/service/mocks/TxFaker.go:97.115,99.3 1 0
github.com/sarastee/chat-server/internal/service/mocks/TxFaker.go:100.2,100.106 1 0
github.com/sarastee/chat-server/internal/service/mocks/TxFaker.go:100.106,102.3 1 0
github.com/sarastee/chat-server/internal/service/mocks/TxFaker.go:102.8,104.3 1 0
github.com/sarastee/chat-server/internal/service/mocks/TxFaker.go:106.2,106.106 1 0
github.com/sarastee/chat-server/internal/service/mocks/TxFaker.go:106.106,108.3 1 0
github.com/sarastee/chat-server/internal/service/mocks/TxFaker.go:108.8,110.3 1 0
github.com/sarastee/chat-server/internal/service/mocks/TxFaker.go:112.2,112.15 1 0
github.com/sarastee/chat-server/internal/service/mocks/TxFaker.go:116.106,122.19 5 0
github.com/sarastee/chat-server/internal/service/mocks/TxFaker.go:122.19,123.46 1 0
github.com/sarastee/chat-server/internal/service/mocks/TxFaker.go:126.2,128.105 3 0
github.com/sarastee/chat-server/internal/service/mocks/TxFaker.go:128.105,130.3 1 0
github.com/sarastee/chat-server/internal/service/mocks/TxFaker.go:131.2,131.96 1 0
github.com/sarastee/chat-server/internal/service/mocks/TxFaker.go:131.96,133.3 1 0
github.com/sarastee/chat-server/internal/service/mocks/TxFaker.go:133.8,135.3 1 0
github.com/sarastee/chat-server/internal/service/mocks/TxFaker.go:137.2,137.84 1 0
github.com/sarastee/chat-server/internal/service/mocks/TxFaker.go:137.84,139.3 1 0
github.com/sarastee/chat-server/internal/service/mocks/TxFaker.go:139.8,141.3 1 0
github.com/sarastee/chat-server/internal/service/mocks/TxFaker.go:143.2,143.15 1 0
github.com/sarastee/chat-server/internal/service/mocks/TxFaker.go:147.52,150.19 2 0
github.com/sarastee/chat-server/internal/service/mocks/TxFaker.go:150.19,151.54 1 0
github.com/sarastee/chat-server/internal/service/mocks/TxFaker.go:154.2,155.56 2 0
github.com/sarastee/chat-server/internal/service/mocks/TxFaker.go:155.56,157.3 1 0
github.com/sarastee/chat-server/internal/service/mocks/TxFaker.go:157.8,159.3 1 0
github.com/sarastee/chat-server/internal/service/mocks/TxFaker.go:161.2,161.11 1 0
github.com/sarastee/chat-server/internal/service/mocks/TxFaker.go:165.112,168.19 2 0
github.com/sarastee/chat-server/internal/service/mocks/TxFaker.go:168.19,169.49 1 0
github.com/sarastee/chat-server/internal/service/mocks/TxFaker.go:172.2,174.108 3 0
github.com/sarastee/chat-server/internal/service/mocks/TxFaker.go:174.108,176.3 1 0
github.com/sarastee/chat-server/internal/service/mocks/TxFaker.go:177.2,177.99 1 0
github.com/sarastee/chat-server/internal/service/mocks/TxFaker.go:177.99,179.3 1 0
github.com/sarastee/chat-server/internal/service/mocks/TxFaker.go:179.8,180.24 1 0
github.com/sarastee/chat-server/internal/service/mocks/TxFaker.go:180.24,182.4 1 0
github.com/sarastee/chat-server/internal/service/mocks/TxFaker.go:185.2,185.76 1 0
github.com/sarastee/chat-server/internal/service/mocks/TxFaker.go:185.76,187.3 1 0
github.com/sarastee/chat-server/internal/service/mocks/TxFaker.go:187.8,189.3 1 0
github.com/sarastee/chat-server/internal/service/mocks/TxFaker.go:191.2,191.15 1 0
github.com/sarastee/chat-server/internal/service/mocks/TxFaker.go:195.98,201.19 5 0
github.com/sarastee/chat-server/internal/service/mocks/TxFaker.go:201.19,202.47 1 0
github.com/sarastee/chat-server/internal/service/mocks/TxFaker.go:205.2,207.96 3 0
github.com/sarastee/chat-server/internal/service/mocks/TxFaker.go:207.96,209.3 1 0
github.com/sarastee/chat-server/internal/service/mocks/TxFaker.go:210.2,210.87 1 0
github.com/sarastee/chat-server/internal/service/mocks/TxFaker.go:210.87,212.3 1 0
github.com/sarastee/chat-server/internal/service/mocks/TxFaker.go:212.8,213.24 1 0
github.com/sarastee/chat-server/internal/service/mocks/TxFaker.go:213.24,215.4 1 0
github.com/sarastee/chat-server/internal/service/mocks/TxFaker.go:218.2,218.84 1 0
github.com/sarastee/chat-server/internal/service/mocks/TxFaker.go:218.84,220.3 1 0
github.com/sarastee/chat-server/internal/service/mocks/TxFaker.go:220.8,222.3 1 0
github.com/sarastee/chat-server/internal/service/mocks/TxFaker.go:224.2,224.15 1 0
github.com/sarastee/chat-server/internal/service/mocks/TxFaker.go:228.91,234.19 5 0
github.com/sarastee/chat-server/internal/service/mocks/TxFaker.go:234.19,235.50 1 0
github.com/sarastee/chat-server/internal/service/mocks/TxFaker.go:238.2,239.86 2 0
github.com/sarastee/chat-server/internal/service/mocks/TxFaker.go:239.86,241.3 1 0
github.com/sarastee/chat-server/internal/service/mocks/TxFaker.go:241.8,242.24 1 0
github.com/sarastee/chat-server/internal/service/mocks/TxFaker.go:242.24,244.4 1 0
github.com/sarastee/chat-server/internal/service/mocks/TxFaker.go:247.2,247.11 1 0
github.com/sarastee/chat-server/internal/service/mocks/TxFaker.go:251.56,254.19 2 0
github.com/sarastee/chat-server/internal/service/mocks/TxFaker.go:254.19,255.50 1 0
github.com/sarastee/chat-server/internal/service/mocks/TxFaker.go:258.2,259.60 2 0
github.com/sarastee/chat-server/internal/service/mocks/TxFaker.go:259.60,261.3 1 0
github.com/sarastee/chat-server/internal/service/mocks/TxFaker.go:261.8,263.3 1 0
github.com/sarastee/chat-server/internal/service/mocks/TxFaker.go:265.2,265.11 1 0
github.com/sarastee/chat-server/internal/service/mocks/TxFaker.go:269.82,272.19 2 0
github.com/sarastee/chat-server/internal/service/mocks/TxFaker.go:272.19,273.51 1 0
github.com/sarastee/chat-server/internal/service/mocks/TxFaker.go:276.2,277.83 2 0
github.com/sarastee/chat-server/internal/service/mocks/TxFaker.go:277.83,279.3 1 0
github.com/sarastee/chat-server/internal/service/mocks/TxFaker.go:279.8,280.24 1 0
github.com/sarastee/chat-server/internal/service/mocks/TxFaker.go:280.24,282.4 1 0
github.com/sarastee/chat-server/internal/service/mocks/TxFaker.go:285.2,285.11 1 0
github.com/sarastee/chat-server/internal/service/mocks/TxFaker.go:293.13,297.19 3 0
github.com/sarastee/chat-server/internal/service/mocks/TxFaker.go:297.19,297.49 1 0
github.com/sarastee/chat-server/internal/service/mocks/TxFaker.go:299.2,299.13 1 0
github.com/sarastee/chat-server/internal/service/tests/helpers.go:13.114,17.15 3 0
github.com/sarastee/chat-server/internal/service/tests/helpers.go:17.15,19.3 1 0
github.com/sarastee/chat-server/internal/service/tests/helpers.go:19.8,21.3 1 0
github.com/sarastee/chat-server/internal/service/tests/helpers.go:23.2,23.27 1 0
github.com/sarastee/chat-server/internal/service/tests/helpers.go:26.103,32.2 4 0
github.com/sarastee/chat-server/internal/api/chat/create.go:10.119,12.16 2 0
github.com/sarastee/chat-server/internal/api/chat/create.go:12.16,14.3 1 0
github.com/sarastee/chat-server/internal/api/chat/create.go:16.2,16.56 1 0
github.com/sarastee/chat-server/internal/api/chat/delete.go:11.110,13.16 2 0
github.com/sarastee/chat-server/internal/api/chat/delete.go:13.16,15.3 1 0
github.com/sarastee/chat-server/internal/api/chat/delete.go:17.2,17.30 1 0
github.com/sarastee/chat-server/internal/api/chat/send_message.go:18.120,20.16 2 0
github.com/sarastee/chat-server/internal/api/chat/send_message.go:20.16,21.10 1 0
github.com/sarastee/chat-server/internal/api/chat/send_message.go:22.97,23.57 1 0
github.com/sarastee/chat-server/internal/api/chat/send_message.go:24.55,25.64 1 0
github.com/sarastee/chat-server/internal/api/chat/send_message.go:26.11,27.27 1 0
github.com/sarastee/chat-server/internal/api/chat/send_message.go:31.2,31.30 1 0
github.com/sarastee/chat-server/internal/api/chat/service.go:21.73,25.2 1 0
github.com/sarastee/chat-server/internal/api/chat/tests/helpers.go:11.114,18.2 1 0
github.com/sarastee/chat-server/internal/api/chat/tests/helpers.go:20.90,27.2 1 0
github.com/sarastee/chat-server/internal/service/chat/create.go:9.79,12.72 2 20
github.com/sarastee/chat-server/internal/service/chat/create.go:12.72,15.19 3 20
github.com/sarastee/chat-server/internal/service/chat/create.go:15.19,17.4 1 0
github.com/sarastee/chat-server/internal/service/chat/create.go:19.3,20.19 2 15
github.com/sarastee/chat-server/internal/service/chat/create.go:20.19,22.4 1 5
github.com/sarastee/chat-server/internal/service/chat/create.go:24.3,25.19 2 10
github.com/sarastee/chat-server/internal/service/chat/create.go:25.19,27.4 1 5
github.com/sarastee/chat-server/internal/service/chat/create.go:29.3,29.13 1 5
github.com/sarastee/chat-server/internal/service/chat/create.go:31.2,31.16 1 20
github.com/sarastee/chat-server/internal/service/chat/create.go:31.16,33.3 1 15
github.com/sarastee/chat-server/internal/service/chat/create.go:35.2,35.20 1 5
github.com/sarastee/chat-server/internal/service/chat/delete.go:9.67,10.55 1 10
github.com/sarastee/chat-server/internal/service/chat/delete.go:10.55,12.3 1 5
github.com/sarastee/chat-server/internal/service/chat/delete.go:14.2,14.12 1 5
github.com/sarastee/chat-server/internal/service/chat/send_message.go:12.81,14.16 2 20
github.com/sarastee/chat-server/internal/service/chat/send_message.go:14.16,16.3 1 5
github.com/sarastee/chat-server/internal/service/chat/send_message.go:18.2,18.17 1 15
github.com/sarastee/chat-server/internal/service/chat/send_message.go:18.17,20.3 1 5
github.com/sarastee/chat-server/internal/service/chat/send_message.go:22.2,22.59 1 10
github.com/sarastee/chat-server/internal/service/chat/send_message.go:22.59,24.3 1 5
github.com/sarastee/chat-server/internal/service/chat/send_message.go:26.2,26.12 1 5
github.com/sarastee/chat-server/internal/service/chat/service.go:22.12,29.2 1 50
github.com/sarastee/chat-server/internal/service/mocks/ChatService.go:18.80,21.19 2 0
github.com/sarastee/chat-server/internal/service/mocks/ChatService.go:21.19,22.48 1 0
github.com/sarastee/chat-server/internal/service/mocks/ChatService.go:25.2,27.78 3 0
github.com/sarastee/chat-server/internal/service/mocks/ChatService.go:27.78,29.3 1 0
github.com/sarastee/chat-server/internal/service/mocks/ChatService.go:30.2,30.69 1 0
github.com/sarastee/chat-server/internal/service/mocks/ChatService.go:30.69,32.3 1 0
github.com/sarastee/chat-server/internal/service/mocks/ChatService.go:32.8,34.3 1 0
github.com/sarastee/chat-server/internal/service/mocks/ChatService.go:36.2,36.69 1 0
github.com/sarastee/chat-server/internal/service/mocks/ChatService.go:36.69,38.3 1 0
github.com/sarastee/chat-server/internal/service/mocks/ChatService.go:38.8,40.3 1 0
github.com/sarastee/chat-server/internal/service/mocks/ChatService.go:42.2,42.15 1 0
github.com/sarastee/chat-server/internal/service/mocks/ChatService.go:46.69,49.19 2 0
github.com/sarastee/chat-server/internal/service/mocks/ChatService.go:49.19,50.48 1 0
github.com/sarastee/chat-server/internal/service/mocks/ChatService.go:53.2,54.67 2 0
github.com/sarastee/chat-server/internal/service/mocks/ChatService.go:54.67,56.3 1 0
github.com/sarastee/chat-server/internal/service/mocks/ChatService.go:56.8,58.3 1 0
github.com/sarastee/chat-server/internal/service/mocks/ChatService.go:60.2,60.11 1 0
github.com/sarastee/chat-server/internal/service/mocks/ChatService.go:64.82,67.19 2 0
github.com/sarastee/chat-server/internal/service/mocks/ChatService.go:67.19,68.53 1 0
github.com/sarastee/chat-server/internal/service/mocks/ChatService.go:71.2,72.75 2 0
github.com/sarastee/chat-server/internal/service/mocks/ChatService.go:72.75,74.3 1 0
github.com/sarastee/chat-server/internal/service/mocks/ChatService.go:74.8,76.3 1 0
github.com/sarastee/chat-server/internal/service/mocks/ChatService.go:78.2,78.11 1 0
github.com/sarastee/chat-server/internal/service/mocks/ChatService.go:86.17,90.19 3 0
github.com/sarastee/chat-server/internal/service/mocks/ChatService.go:90.19,90.49 1 0
github.com/sarastee/chat-server/internal/service/mocks/ChatService.go:92.2,92.13 1 0
github.com/sarastee/chat-server/internal/service/mocks/TxFaker.go:20.63,23.19 2 0
github.com/sarastee/chat-server/internal/service/mocks/TxFaker.go:23.19,24.47 1 0
github.com/sarastee/chat-server/internal/service/mocks/TxFaker.go:27.2,29.70 3 0
github.com/sarastee/chat-server/internal/service/mocks/TxFaker.go:29.70,31.3 1 0
github.com/sarastee/chat-server/internal/service/mocks/TxFaker.go:32.2,32.61 1 0
github.com/sarastee/chat-server/internal/service/mocks/TxFaker.go:32.61,34.3 1 0
github.com/sarastee/chat-server/internal/service/mocks/TxFaker.go:34.8,35.24 1 0
github.com/sarastee/chat-server/internal/service/mocks/TxFaker.go:35.24,37.4 1 0
github.com/sarastee/chat-server/internal/service/mocks/TxFaker.go:40.2,40.60 1 0
github.com/sarastee/chat-server/internal/service/mocks/TxFaker.go:40.60,42.3 1 0
github.com/sarastee/chat-server/internal/service/mocks/TxFaker.go:42.8,44.3 1 0
github.com/sarastee/chat-server/internal/service/mocks/TxFaker.go:46.2,46.15 1 0
github.com/sarastee/chat-server/internal/service/mocks/TxFaker.go:50.54,53.19 2 5
github.com/sarastee/chat-server/internal/service/mocks/TxFaker.go:53.19,54.48 1 0
github.com/sarastee/chat-server/internal/service/mocks/TxFaker.go:57.2,58.60 2 5
github.com/sarastee/chat-server/internal/service/mocks/TxFaker.go:58.60,60.3 1 0
github.com/sarastee/chat-server/internal/service/mocks/TxFaker.go:60.8,62.3 1 5
github.com/sarastee/chat-server/internal/service/mocks/TxFaker.go:64.2,64.11 1 5
github.com/sarastee/chat-server/internal/service/mocks/TxFaker.go:68.37,71.19 2 0
github.com/sarastee/chat-server/internal/service/mocks/TxFaker.go:71.19,72.46 1 0
github.com/sarastee/chat-server/internal/service/mocks/TxFaker.go:75.2,76.49 2 0
github.com/sarastee/chat-server/internal/service/mocks/TxFaker.go:76.49,78.3 1 0
github.com/sarastee/chat-server/internal/service/mocks/TxFaker.go:78.8,79.24 1 0
github.com/sarastee/chat-server/internal/service/mocks/TxFaker.go:79.24,81.4 1 0
github.com/sarastee/chat-server/internal/service/mocks/TxFaker.go:84.2,84.11 1 0
github.com/sarastee/chat-server/internal/service/mocks/TxFaker.go:88.140,91.19 2 0
github.com/sarastee/chat-server/internal/service/mocks/TxFaker.go:91.19,92.50 1 0
github.com/sarastee/chat-server/internal/service/mocks/TxFaker.go:95.2,97.115 3 0
github.com/sarastee/chat-server/internal/service/mocks/TxFaker.go:97.115,99.3 1 0
github.com/sarastee/chat-server/internal/service/mocks/TxFaker.go:100.2,100.106 1 0
github.com/sarastee/chat-server/internal/service/mocks/TxFaker.go:100.106,102.3 1 0
github.com/sarastee/chat-server/internal/service/mocks/TxFaker.go:102.8,104.3 1 0
github.com/sarastee/chat-server/internal/service/mocks/TxFaker.go:106.2,106.106 1 0
github.com/sarastee/chat-server/internal/service/mocks/TxFaker.go:106.106,108.3 1 0
github.com/sarastee/chat-server/internal/service/mocks/TxFaker.go:108.8,110.3 1 0
github.com/sarastee/chat-server/internal/service/mocks/TxFaker.go:112.2,112.15 1 0
github.com/sarastee/chat-server/internal/service/mocks/TxFaker.go:116.106,122.19 5 0
github.com/sarastee/chat-server/internal/service/mocks/TxFaker.go:122.19,123.46 1 0
github.com/sarastee/chat-server/internal/service/mocks/TxFaker.go:126.2,128.105 3 0
github.com/sarastee/chat-server/internal/service/mocks/TxFaker.go:128.105,130.3 1 0
github.com/sarastee/chat-server/internal/service/mocks/TxFaker.go:131.2,131.96 1 0
github.com/sarastee/chat-server/internal/service/mocks/TxFaker.go:131.96,133.3 1 0
github.com/sarastee/chat-server/internal/service/mocks/TxFaker.go:133.8,135.3 1 0
github.com/sarastee/chat-server/internal/service/mocks/TxFaker.go:137.2,137.84 1 0
github.com/sarastee/chat-server/internal/service/mocks/TxFaker.go:137.84,139.3 1 0
github.com/sarastee/chat-server/internal/service/mocks/TxFaker.go:139.8,141.3 1 0
github.com/sarastee/chat-server/internal/service/mocks/TxFaker.go:143.2,143.15 1 0
github.com/sarastee/chat-server/internal/service/mocks/TxFaker.go:147.52,150.19 2 0
github.com/sarastee/chat-server/internal/service/mocks/TxFaker.go:150.19,151.54 1 0
github.com/sarastee/chat-server/internal/service/mocks/TxFaker.go:154.2,155.56 2 0
github.com/sarastee/chat-server/internal/service/mocks/TxFaker.go:155.56,157.3 1 0
github.com/sarastee/chat-server/internal/service/mocks/TxFaker.go:157.8,159.3 1 0
github.com/sarastee/chat-server/internal/service/mocks/TxFaker.go:161.2,161.11 1 0
github.com/sarastee/chat-server/internal/service/mocks/TxFaker.go:165.112,168.19 2 0
github.com/sarastee/chat-server/internal/service/mocks/TxFaker.go:168.19,169.49 1 0
github.com/sarastee/chat-server/internal/service/mocks/TxFaker.go:172.2,174.108 3 0
github.com/sarastee/chat-server/internal/service/mocks/TxFaker.go:174.108,176.3 1 0
github.com/sarastee/chat-server/internal/service/mocks/TxFaker.go:177.2,177.99 1 0
github.com/sarastee/chat-server/internal/service/mocks/TxFaker.go:177.99,179.3 1 0
github.com/sarastee/chat-server/internal/service/mocks/TxFaker.go:179.8,180.24 1 0
github.com/sarastee/chat-server/internal/service/mocks/TxFaker.go:180.24,182.4 1 0
github.com/sarastee/chat-server/internal/service/mocks/TxFaker.go:185.2,185.76 1 0
github.com/sarastee/chat-server/internal/service/mocks/TxFaker.go:185.76,187.3 1 0
github.com/sarastee/chat-server/internal/service/mocks/TxFaker.go:187.8,189.3 1 0
github.com/sarastee/chat-server/internal/service/mocks/TxFaker.go:191.2,191.15 1 0
github.com/sarastee/chat-server/internal/service/mocks/TxFaker.go:195.98,201.19 5 0
github.com/sarastee/chat-server/internal/service/mocks/TxFaker.go:201.19,202.47 1 0
github.com/sarastee/chat-server/internal/service/mocks/TxFaker.go:205.2,207.96 3 0
github.com/sarastee/chat-server/internal/service/mocks/TxFaker.go:207.96,209.3 1 0
github.com/sarastee/chat-server/internal/service/mocks/TxFaker.go:210.2,210.87 1 0
github.com/sarastee/chat-server/internal/service/mocks/TxFaker.go:210.87,212.3 1 0
github.com/sarastee/chat-server/internal/service/mocks/TxFaker.go:212.8,213.24 1 0
github.com/sarastee/chat-server/internal/service/mocks/TxFaker.go:213.24,215.4 1 0
github.com/sarastee/chat-server/internal/service/mocks/TxFaker.go:218.2,218.84 1 0
github.com/sarastee/chat-server/internal/service/mocks/TxFaker.go:218.84,220.3 1 0
github.com/sarastee/chat-server/internal/service/mocks/TxFaker.go:220.8,222.3 1 0
github.com/sarastee/chat-server/internal/service/mocks/TxFaker.go:224.2,224.15 1 0
github.com/sarastee/chat-server/internal/service/mocks/TxFaker.go:228.91,234.19 5 0
github.com/sarastee/chat-server/internal/service/mocks/TxFaker.go:234.19,235.50 1 0
github.com/sarastee/chat-server/internal/service/mocks/TxFaker.go:238.2,239.86 2 0
github.com/sarastee/chat-server/internal/service/mocks/TxFaker.go:239.86,241.3 1 0
github.com/sarastee/chat-server/internal/service/mocks/TxFaker.go:241.8,242.24 1 0
github.com/sarastee/chat-server/internal/service/mocks/TxFaker.go:242.24,244.4 1 0
github.com/sarastee/chat-server/internal/service/mocks/TxFaker.go:247.2,247.11 1 0
github.com/sarastee/chat-server/internal/service/mocks/TxFaker.go:251.56,254.19 2 15
github.com/sarastee/chat-server/internal/service/mocks/TxFaker.go:254.19,255.50 1 0
github.com/sarastee/chat-server/internal/service/mocks/TxFaker.go:258.2,259.60 2 15
github.com/sarastee/chat-server/internal/service/mocks/TxFaker.go:259.60,261.3 1 0
github.com/sarastee/chat-server/internal/service/mocks/TxFaker.go:261.8,263.3 1 15
github.com/sarastee/chat-server/internal/service/mocks/TxFaker.go:265.2,265.11 1 15
github.com/sarastee/chat-server/internal/service/mocks/TxFaker.go:269.82,272.19 2 0
github.com/sarastee/chat-server/internal/service/mocks/TxFaker.go:272.19,273.51 1 0
github.com/sarastee/chat-server/internal/service/mocks/TxFaker.go:276.2,277.83 2 0
github.com/sarastee/chat-server/internal/service/mocks/TxFaker.go:277.83,279.3 1 0
github.com/sarastee/chat-server/internal/service/mocks/TxFaker.go:279.8,280.24 1 0
github.com/sarastee/chat-server/internal/service/mocks/TxFaker.go:280.24,282.4 1 0
github.com/sarastee/chat-server/internal/service/mocks/TxFaker.go:285.2,285.11 1 0
github.com/sarastee/chat-server/internal/service/mocks/TxFaker.go:293.13,297.19 3 20
github.com/sarastee/chat-server/internal/service/mocks/TxFaker.go:297.19,297.49 1 20
github.com/sarastee/chat-server/internal/service/mocks/TxFaker.go:299.2,299.13 1 20
github.com/sarastee/chat-server/internal/service/tests/helpers.go:13.114,17.15 3 20
github.com/sarastee/chat-server/internal/service/tests/helpers.go:17.15,19.3 1 5
github.com/sarastee/chat-server/internal/service/tests/helpers.go:19.8,21.3 1 15
github.com/sarastee/chat-server/internal/service/tests/helpers.go:23.2,23.27 1 20
github.com/sarastee/chat-server/internal/service/tests/helpers.go:26.103,32.2 4 20
